<?xml version="1.0" encoding="UTF-8"?>
<!-- Generated by org.testng.reporters.JUnitXMLReporter -->
<testsuite ignored="0" hostname="LAPTOP-SGM82G62" failures="1" tests="1" name="Test" time="8.312" errors="0" timestamp="2022-08-09T14:39:23 IST">
  <testcase classname="com.crm.Sdet.organization.CreateOrganization1" name="createOrganisation" time="4.037">
    <failure type="java.lang.AssertionError" message="expected [true] but found [false]">
      <![CDATA[java.lang.AssertionError: expected [true] but found [false]
at com.crm.Sdet.organization.CreateOrganization1.createOrganisation(CreateOrganization1.java:57)
at java.base/java.util.ArrayList.forEach(ArrayList.java:1511)
... Removed 33 stack frames]]>
    </failure>
  </testcase> <!-- createOrganisation -->
</testsuite> <!-- Test -->
