<?xml version="1.0" encoding="UTF-8"?>
<!-- Generated by org.testng.reporters.JUnitXMLReporter -->
<testsuite ignored="0" hostname="LAPTOP-SGM82G62" failures="0" tests="1" name="Test1" time="0.05" errors="0" timestamp="2022-08-09T03:59:08 IST">
  <testcase classname="comcast.vtiger.genericUtilities.BaseClass" name="@BeforeClass BC" time="-1.659997748828E9">
    <failure type="org.testng.TestNGException" message="
Can inject only one of &amp;lt;ITestContext, XmlTest&amp;gt; into a @BeforeClass annotated BC.
For more information on native dependency injection please refer to https://testng.org/doc/documentation-main.html#native-dependency-injection">
      <![CDATA[org.testng.TestNGException: 
Can inject only one of <ITestContext, XmlTest> into a @BeforeClass annotated BC.
For more information on native dependency injection please refer to https://testng.org/doc/documentation-main.html#native-dependency-injection
at java.base/java.util.ArrayList.forEach(ArrayList.java:1511)
at java.base/java.util.concurrent.FutureTask.run(FutureTask.java:264)
at java.base/java.util.concurrent.ThreadPoolExecutor.runWorker(ThreadPoolExecutor.java:1130)
at java.base/java.util.concurrent.ThreadPoolExecutor$Worker.run(ThreadPoolExecutor.java:630)
at java.base/java.lang.Thread.run(Thread.java:831)
... Removed 13 stack frames]]>
    </failure>
  </testcase> <!-- @BeforeClass BC -->
  <testcase classname="comcast.vtiger.genericUtilities.BaseClass" name="@BeforeClass BC" time="-1.659997748828E9">
    <failure type="org.testng.TestNGException" message="
Can inject only one of &amp;lt;ITestContext, XmlTest&amp;gt; into a @BeforeClass annotated BC.
For more information on native dependency injection please refer to https://testng.org/doc/documentation-main.html#native-dependency-injection">
      <![CDATA[org.testng.TestNGException: 
Can inject only one of <ITestContext, XmlTest> into a @BeforeClass annotated BC.
For more information on native dependency injection please refer to https://testng.org/doc/documentation-main.html#native-dependency-injection
at java.base/java.util.ArrayList.forEach(ArrayList.java:1511)
at java.base/java.util.concurrent.FutureTask.run(FutureTask.java:264)
at java.base/java.util.concurrent.ThreadPoolExecutor.runWorker(ThreadPoolExecutor.java:1130)
at java.base/java.util.concurrent.ThreadPoolExecutor$Worker.run(ThreadPoolExecutor.java:630)
at java.base/java.lang.Thread.run(Thread.java:831)
... Removed 13 stack frames]]>
    </failure>
  </testcase> <!-- @BeforeClass BC -->
  <testcase classname="comcast.vtiger.genericUtilities.BaseClass" name="@BeforeMethod BM" time="-1.659997748847E9">
    <skipped/>
  </testcase> <!-- @BeforeMethod BM -->
  <testcase classname="comcast.vtiger.genericUtilities.BaseClass" name="@BeforeMethod BM" time="-1.659997748847E9">
    <skipped/>
  </testcase> <!-- @BeforeMethod BM -->
  <testcase classname="comcast.vtiger.genericUtilities.BaseClass" name="@AfterMethod AM" time="-1.659997748853E9">
    <skipped/>
  </testcase> <!-- @AfterMethod AM -->
  <testcase classname="comcast.vtiger.genericUtilities.BaseClass" name="@AfterMethod AM" time="-1.659997748856E9">
    <skipped/>
  </testcase> <!-- @AfterMethod AM -->
  <testcase classname="comcast.vtiger.genericUtilities.BaseClass" name="@AfterClass AC" time="-1.659997748857E9">
    <skipped/>
  </testcase> <!-- @AfterClass AC -->
  <testcase classname="comcast.vtiger.genericUtilities.BaseClass" name="@BeforeMethod BM" time="-1.659997748861E9">
    <skipped/>
  </testcase> <!-- @BeforeMethod BM -->
  <testcase classname="comcast.vtiger.genericUtilities.BaseClass" name="@AfterMethod AM" time="-1.659997748865E9">
    <skipped/>
  </testcase> <!-- @AfterMethod AM -->
  <testcase classname="comcast.vtiger.genericUtilities.BaseClass" name="@AfterClass AC" time="-1.659997748866E9">
    <skipped/>
  </testcase> <!-- @AfterClass AC -->
  <testcase classname="com.crm.Sdet.campaign.CreateCampaign" name="createCampaignOnly" time="0.0">
    <skipped/>
  </testcase> <!-- createCampaignOnly -->
</testsuite> <!-- Test1 -->
