<?xml version="1.0" encoding="UTF-8"?>
<testng-results ignored="0" total="1" passed="1" failed="0" skipped="0">
  <reporter-output>
  </reporter-output>
  <suite started-at="2022-08-11T13:41:23 IST" name="Default suite" finished-at="2022-08-11T13:41:49 IST" duration-ms="26294">
    <groups>
      <group name="smokeTest">
        <method signature="CreateOrganization1.createOrganisation()[pri:0, instance:com.crm.Sdet.organization.CreateOrganization1@194bcebf]" name="createOrganisation" class="com.crm.Sdet.organization.CreateOrganization1"/>
      </group> <!-- smokeTest -->
    </groups>
    <test started-at="2022-08-11T13:41:23 IST" name="Default test" finished-at="2022-08-11T13:41:49 IST" duration-ms="26294">
      <class name="com.crm.Sdet.organization.CreateOrganization1">
        <test-method is-config="true" signature="BS()[pri:0, instance:com.crm.Sdet.organization.CreateOrganization1@194bcebf]" started-at="2022-08-11T13:41:23 IST" name="BS" finished-at="2022-08-11T13:41:23 IST" duration-ms="8" status="PASS">
          <reporter-output>
          </reporter-output>
        </test-method> <!-- BS -->
        <test-method is-config="true" signature="Bt()[pri:0, instance:com.crm.Sdet.organization.CreateOrganization1@194bcebf]" started-at="2022-08-11T13:41:23 IST" name="Bt" finished-at="2022-08-11T13:41:23 IST" duration-ms="0" status="PASS">
          <reporter-output>
          </reporter-output>
        </test-method> <!-- Bt -->
        <test-method is-config="true" signature="BC()[pri:0, instance:com.crm.Sdet.organization.CreateOrganization1@194bcebf]" started-at="2022-08-11T13:41:23 IST" name="BC" finished-at="2022-08-11T13:41:25 IST" duration-ms="2315" status="PASS">
          <reporter-output>
          </reporter-output>
        </test-method> <!-- BC -->
        <test-method is-config="true" signature="BM()[pri:0, instance:com.crm.Sdet.organization.CreateOrganization1@194bcebf]" started-at="2022-08-11T13:41:25 IST" name="BM" finished-at="2022-08-11T13:41:32 IST" duration-ms="6229" status="PASS">
          <reporter-output>
          </reporter-output>
        </test-method> <!-- BM -->
        <test-method signature="createOrganisation()[pri:0, instance:com.crm.Sdet.organization.CreateOrganization1@194bcebf]" started-at="2022-08-11T13:41:32 IST" name="createOrganisation" finished-at="2022-08-11T13:41:49 IST" duration-ms="17709" status="PASS">
          <reporter-output>
          </reporter-output>
        </test-method> <!-- createOrganisation -->
        <test-method is-config="true" signature="AM()[pri:0, instance:com.crm.Sdet.organization.CreateOrganization1@194bcebf]" started-at="2022-08-11T13:41:49 IST" name="AM" finished-at="2022-08-11T13:41:49 IST" duration-ms="0" status="PASS">
          <reporter-output>
          </reporter-output>
        </test-method> <!-- AM -->
        <test-method is-config="true" signature="AC()[pri:0, instance:com.crm.Sdet.organization.CreateOrganization1@194bcebf]" started-at="2022-08-11T13:41:49 IST" name="AC" finished-at="2022-08-11T13:41:49 IST" duration-ms="1" status="PASS">
          <reporter-output>
          </reporter-output>
        </test-method> <!-- AC -->
        <test-method is-config="true" signature="AT()[pri:0, instance:com.crm.Sdet.organization.CreateOrganization1@194bcebf]" started-at="2022-08-11T13:41:49 IST" name="AT" finished-at="2022-08-11T13:41:49 IST" duration-ms="1" status="PASS">
          <reporter-output>
          </reporter-output>
        </test-method> <!-- AT -->
        <test-method is-config="true" signature="AS()[pri:0, instance:com.crm.Sdet.organization.CreateOrganization1@194bcebf]" started-at="2022-08-11T13:41:49 IST" name="AS" finished-at="2022-08-11T13:41:49 IST" duration-ms="1" status="PASS">
          <reporter-output>
          </reporter-output>
        </test-method> <!-- AS -->
      </class> <!-- com.crm.Sdet.organization.CreateOrganization1 -->
    </test> <!-- Default test -->
  </suite> <!-- Default suite -->
</testng-results>
